<?xml version="1.0" encoding="UTF-8"?>
<!-- Generated by org.testng.reporters.JUnitReportReporter -->
<testsuite hostname="OA-STUDENT" failures="0" tests="1" name="runner.LoginRunner" time="9.678" errors="0" timestamp="2025-04-07T20:21:47 IST" skipped="0">
  <testcase classname="runner.LoginRunner" name="runScenario" time="9.678"/>
</testsuite> <!-- runner.LoginRunner -->
