<?xml version="1.0" encoding="UTF-8"?>
<!-- Generated by org.testng.reporters.JUnitReportReporter -->
<testsuite hostname="Classroom" failures="0" tests="4" name="runner.LoginRunner" time="55.277" errors="0" timestamp="2025-04-10T19:44:11 IST" skipped="0">
  <testcase classname="runner.LoginRunner" name="runScenario" time="7.073"/>
  <system-out/>
  <testcase classname="runner.LoginRunner" name="runScenario" time="6.193"/>
  <system-out/>
  <testcase classname="runner.LoginRunner" name="runScenario" time="27.670"/>
  <system-out/>
  <testcase classname="runner.LoginRunner" name="runScenario" time="14.341"/>
  <system-out/>
</testsuite> <!-- runner.LoginRunner -->
