<?xml version="1.0" encoding="UTF-8"?>
<!-- Generated by org.testng.reporters.JUnitReportReporter -->
<testsuite hostname="Classroom" failures="0" tests="7" name="runner.LoginRunner" time="86.120" errors="0" timestamp="2025-04-14T19:59:31 IST" skipped="0">
  <testcase classname="runner.LoginRunner" name="runScenario" time="7.689"/>
  <system-out/>
  <testcase classname="runner.LoginRunner" name="runScenario" time="16.362"/>
  <system-out/>
  <testcase classname="runner.LoginRunner" name="runScenario" time="7.563"/>
  <system-out/>
  <testcase classname="runner.LoginRunner" name="runScenario" time="35.145"/>
  <system-out/>
  <testcase classname="runner.LoginRunner" name="runScenario" time="5.801"/>
  <system-out/>
  <testcase classname="runner.LoginRunner" name="runScenario" time="5.943"/>
  <system-out/>
  <testcase classname="runner.LoginRunner" name="runScenario" time="7.617"/>
  <system-out/>
</testsuite> <!-- runner.LoginRunner -->
